SF:lib/split_impression.dart
DA:11,3
DA:14,3
DA:15,3
DA:16,3
DA:17,3
DA:18,3
DA:19,3
DA:20,3
DA:21,3
DA:22,3
DA:23,6
DA:26,0
DA:28,0
LF:13
LH:11
end_of_record
SF:lib/split_configuration.dart
DA:35,2
DA:57,2
DA:61,2
DA:65,2
DA:69,2
DA:73,2
DA:77,2
DA:81,2
DA:85,2
DA:89,2
DA:93,4
DA:97,4
DA:101,2
DA:106,2
DA:110,2
DA:114,2
DA:118,2
DA:122,2
DA:126,2
DA:130,3
DA:131,2
DA:132,2
LF:22
LH:22
end_of_record
SF:lib/split_sync_config.dart
DA:5,2
DA:7,2
DA:9,1
DA:11,2
DA:12,2
DA:15,0
DA:17,0
DA:18,0
LF:8
LH:5
end_of_record
SF:lib/impressions/impressions_method_call_handler.dart
DA:10,2
DA:11,2
DA:12,4
DA:13,4
DA:14,4
DA:15,6
DA:16,2
DA:21,2
DA:23,4
LF:9
LH:9
end_of_record
SF:lib/split_view.dart
DA:11,1
DA:14,1
DA:15,1
DA:19,1
DA:20,4
DA:21,6
DA:24,1
DA:25,1
DA:26,1
DA:27,1
DA:28,4
DA:29,1
DA:33,0
DA:36,0
DA:37,0
DA:38,0
DA:39,0
DA:40,0
DA:41,0
DA:42,0
LF:20
LH:12
end_of_record
SF:lib/events/split_method_call_handler.dart
DA:27,2
DA:30,2
DA:31,4
DA:32,6
DA:33,6
DA:34,4
DA:35,2
DA:36,2
DA:39,4
DA:40,4
DA:43,2
DA:44,4
DA:45,4
DA:46,4
DA:47,4
DA:51,2
DA:52,2
DA:55,2
DA:56,2
DA:59,2
DA:60,4
DA:63,2
DA:64,2
DA:67,0
DA:68,0
DA:71,2
DA:72,4
DA:73,6
DA:74,1
DA:77,6
LF:30
LH:28
end_of_record
SF:lib/method_channel_platform.dart
DA:16,1
DA:23,0
DA:24,0
DA:27,1
DA:30,1
DA:31,4
DA:32,3
DA:33,3
DA:37,1
DA:43,1
DA:46,2
DA:50,2
DA:53,2
DA:56,1
DA:59,3
DA:60,1
DA:61,1
DA:64,2
DA:65,1
DA:69,1
DA:71,3
DA:72,1
DA:76,1
DA:78,1
DA:79,2
DA:80,2
DA:82,3
DA:83,1
DA:87,1
DA:89,3
DA:90,1
DA:94,1
DA:96,3
DA:97,1
DA:98,3
DA:99,0
DA:102,1
DA:107,2
DA:109,1
DA:110,1
DA:114,1
DA:119,3
DA:121,1
DA:122,1
DA:127,1
DA:132,3
DA:134,1
DA:135,1
DA:136,0
DA:137,0
DA:138,0
DA:143,0
DA:147,1
DA:152,3
DA:154,1
DA:155,1
DA:158,3
DA:159,0
DA:163,1
DA:168,3
DA:170,1
DA:171,1
DA:173,2
DA:174,4
DA:175,0
DA:179,1
DA:183,3
DA:185,1
DA:186,1
DA:190,1
DA:195,3
DA:197,1
DA:198,1
DA:200,1
DA:208,1
DA:212,3
DA:214,1
DA:215,1
DA:217,1
DA:225,1
DA:227,4
DA:233,0
DA:237,1
DA:239,4
DA:245,1
DA:246,2
DA:247,1
DA:248,1
DA:250,1
DA:251,1
DA:252,0
DA:254,0
DA:258,1
DA:262,1
DA:270,2
DA:273,1
DA:277,1
DA:281,3
DA:282,0
DA:287,1
DA:290,1
DA:291,1
DA:292,2
DA:297,1
DA:298,1
DA:301,2
DA:307,1
DA:310,4
DA:313,1
DA:316,3
DA:317,1
DA:320,1
DA:323,4
DA:326,1
DA:329,4
DA:332,1
DA:334,2
DA:337,1
DA:338,1
LF:119
LH:106
end_of_record
SF:lib/split_result.dart
DA:10,3
DA:12,0
DA:14,0
DA:15,0
DA:16,0
DA:17,0
LF:6
LH:1
end_of_record
SF:lib/splitio_platform_interface.dart
DA:11,0
DA:13,0
DA:16,0
DA:22,0
DA:25,0
DA:27,0
DA:30,0
DA:31,0
DA:34,0
DA:35,0
DA:38,0
DA:39,0
DA:44,0
DA:49,0
DA:52,0
DA:57,0
DA:60,0
DA:65,0
DA:68,0
DA:73,0
DA:76,0
DA:78,0
DA:81,0
DA:86,0
DA:89,0
DA:93,0
DA:96,0
DA:100,0
DA:103,0
DA:107,0
DA:110,0
DA:112,0
DA:115,0
DA:117,0
DA:120,0
DA:122,0
DA:125,0
DA:132,0
DA:135,0
DA:137,0
DA:140,0
DA:142,0
DA:145,0
DA:147,0
DA:150,0
DA:152,0
DA:165,3
DA:167,0
DA:169,3
DA:171,0
DA:175,0
DA:176,0
LF:52
LH:2
end_of_record
